GC Precious Log:
 CardTable entry size: 512
 Card Set container configuration: InlinePtr #cards 5 size 8 Array Of Cards #cards 12 size 40 Howl #buckets 4 coarsen threshold 1843 Howl Bitmap #cards 512 size 80 coarsen threshold 460 Card regions per heap region 1 cards per card region 2048
 CPUs: 4 total, 4 available
 Memory: 3989M
 Large Page Support: Disabled
 NUMA Support: Disabled
 Compressed Oops: Enabled (32-bit)
 Heap Region Size: 1M
 Heap Min Capacity: 8M
 Heap Initial Capacity: 64M
 Heap Max Capacity: 998M
 Pre-touch: Disabled
 Parallel Workers: 4
 Concurrent Workers: 1
 Concurrent Refinement Workers: 4
 Periodic GC: Disabled
Heap:
 garbage-first heap   total 70656K, used 32713K [0x00000000c1a00000, 0x0000000100000000)
  region size 1024K, 14 young (14336K), 3 survivors (3072K)
 Metaspace       used 13418K, committed 13696K, reserved 1114112K
  class space    used 1363K, committed 1472K, reserved 1048576K
GC Heap History (20 events):
Event: 94.376 GC heap before
{Heap before GC invocations=7 (full 0):
 garbage-first heap   total 65536K, used 50338K [0x00000000c1a00000, 0x0000000100000000)
  region size 1024K, 30 young (30720K), 4 survivors (4096K)
 Metaspace       used 13228K, committed 13504K, reserved 1114112K
  class space    used 1347K, committed 1472K, reserved 1048576K
}
Event: 94.381 GC heap after
{Heap after GC invocations=8 (full 0):
 garbage-first heap   total 65536K, used 28356K [0x00000000c1a00000, 0x0000000100000000)
  region size 1024K, 4 young (4096K), 4 survivors (4096K)
 Metaspace       used 13228K, committed 13504K, reserved 1114112K
  class space    used 1347K, committed 1472K, reserved 1048576K
}
Event: 95.884 GC heap before
{Heap before GC invocations=8 (full 0):
 garbage-first heap   total 65536K, used 51908K [0x00000000c1a00000, 0x0000000100000000)
  region size 1024K, 27 young (27648K), 4 survivors (4096K)
 Metaspace       used 13233K, committed 13504K, reserved 1114112K
  class space    used 1347K, committed 1472K, reserved 1048576K
}
Event: 95.887 GC heap after
{Heap after GC invocations=9 (full 0):
 garbage-first heap   total 65536K, used 30803K [0x00000000c1a00000, 0x0000000100000000)
  region size 1024K, 3 young (3072K), 3 survivors (3072K)
 Metaspace       used 13233K, committed 13504K, reserved 1114112K
  class space    used 1347K, committed 1472K, reserved 1048576K
}
Event: 99.180 GC heap before
{Heap before GC invocations=9 (full 0):
 garbage-first heap   total 65536K, used 51283K [0x00000000c1a00000, 0x0000000100000000)
  region size 1024K, 24 young (24576K), 3 survivors (3072K)
 Metaspace       used 13247K, committed 13504K, reserved 1114112K
  class space    used 1347K, committed 1472K, reserved 1048576K
}
Event: 99.186 GC heap after
{Heap after GC invocations=10 (full 0):
 garbage-first heap   total 65536K, used 39936K [0x00000000c1a00000, 0x0000000100000000)
  region size 1024K, 3 young (3072K), 3 survivors (3072K)
 Metaspace       used 13247K, committed 13504K, reserved 1114112K
  class space    used 1347K, committed 1472K, reserved 1048576K
}
Event: 100.628 GC heap before
{Heap before GC invocations=10 (full 0):
 garbage-first heap   total 65536K, used 51200K [0x00000000c1a00000, 0x0000000100000000)
  region size 1024K, 15 young (15360K), 3 survivors (3072K)
 Metaspace       used 13296K, committed 13568K, reserved 1114112K
  class space    used 1347K, committed 1472K, reserved 1048576K
}
Event: 100.631 GC heap after
{Heap after GC invocations=11 (full 0):
 garbage-first heap   total 65536K, used 41439K [0x00000000c1a00000, 0x0000000100000000)
  region size 1024K, 2 young (2048K), 2 survivors (2048K)
 Metaspace       used 13296K, committed 13568K, reserved 1114112K
  class space    used 1347K, committed 1472K, reserved 1048576K
}
Event: 101.532 GC heap before
{Heap before GC invocations=12 (full 0):
 garbage-first heap   total 70656K, used 50655K [0x00000000c1a00000, 0x0000000100000000)
  region size 1024K, 14 young (14336K), 2 survivors (2048K)
 Metaspace       used 13266K, committed 13568K, reserved 1114112K
  class space    used 1338K, committed 1472K, reserved 1048576K
}
Event: 101.535 GC heap after
{Heap after GC invocations=13 (full 0):
 garbage-first heap   total 70656K, used 40070K [0x00000000c1a00000, 0x0000000100000000)
  region size 1024K, 2 young (2048K), 2 survivors (2048K)
 Metaspace       used 13266K, committed 13568K, reserved 1114112K
  class space    used 1338K, committed 1472K, reserved 1048576K
}
Event: 107.710 GC heap before
{Heap before GC invocations=13 (full 0):
 garbage-first heap   total 70656K, used 56454K [0x00000000c1a00000, 0x0000000100000000)
  region size 1024K, 19 young (19456K), 2 survivors (2048K)
 Metaspace       used 13270K, committed 13568K, reserved 1114112K
  class space    used 1338K, committed 1472K, reserved 1048576K
}
Event: 107.712 GC heap after
{Heap after GC invocations=14 (full 0):
 garbage-first heap   total 70656K, used 33607K [0x00000000c1a00000, 0x0000000100000000)
  region size 1024K, 2 young (2048K), 2 survivors (2048K)
 Metaspace       used 13270K, committed 13568K, reserved 1114112K
  class space    used 1338K, committed 1472K, reserved 1048576K
}
Event: 110.878 GC heap before
{Heap before GC invocations=14 (full 0):
 garbage-first heap   total 70656K, used 56135K [0x00000000c1a00000, 0x0000000100000000)
  region size 1024K, 25 young (25600K), 2 survivors (2048K)
 Metaspace       used 13271K, committed 13568K, reserved 1114112K
  class space    used 1338K, committed 1472K, reserved 1048576K
}
Event: 110.881 GC heap after
{Heap after GC invocations=15 (full 0):
 garbage-first heap   total 70656K, used 26717K [0x00000000c1a00000, 0x0000000100000000)
  region size 1024K, 2 young (2048K), 2 survivors (2048K)
 Metaspace       used 13271K, committed 13568K, reserved 1114112K
  class space    used 1338K, committed 1472K, reserved 1048576K
}
Event: 112.958 GC heap before
{Heap before GC invocations=15 (full 0):
 garbage-first heap   total 70656K, used 55389K [0x00000000c1a00000, 0x0000000100000000)
  region size 1024K, 30 young (30720K), 2 survivors (2048K)
 Metaspace       used 13271K, committed 13568K, reserved 1114112K
  class space    used 1338K, committed 1472K, reserved 1048576K
}
Event: 112.966 GC heap after
{Heap after GC invocations=16 (full 0):
 garbage-first heap   total 70656K, used 22551K [0x00000000c1a00000, 0x0000000100000000)
  region size 1024K, 3 young (3072K), 3 survivors (3072K)
 Metaspace       used 13271K, committed 13568K, reserved 1114112K
  class space    used 1338K, committed 1472K, reserved 1048576K
}
Event: 115.058 GC heap before
{Heap before GC invocations=16 (full 0):
 garbage-first heap   total 70656K, used 54295K [0x00000000c1a00000, 0x0000000100000000)
  region size 1024K, 35 young (35840K), 3 survivors (3072K)
 Metaspace       used 13279K, committed 13568K, reserved 1114112K
  class space    used 1338K, committed 1472K, reserved 1048576K
}
Event: 115.060 GC heap after
{Heap after GC invocations=17 (full 0):
 garbage-first heap   total 70656K, used 22563K [0x00000000c1a00000, 0x0000000100000000)
  region size 1024K, 3 young (3072K), 3 survivors (3072K)
 Metaspace       used 13279K, committed 13568K, reserved 1114112K
  class space    used 1338K, committed 1472K, reserved 1048576K
}
Event: 118.846 GC heap before
{Heap before GC invocations=17 (full 0):
 garbage-first heap   total 70656K, used 56355K [0x00000000c1a00000, 0x0000000100000000)
  region size 1024K, 36 young (36864K), 3 survivors (3072K)
 Metaspace       used 13279K, committed 13568K, reserved 1114112K
  class space    used 1338K, committed 1472K, reserved 1048576K
}
Event: 118.849 GC heap after
{Heap after GC invocations=18 (full 0):
 garbage-first heap   total 70656K, used 22473K [0x00000000c1a00000, 0x0000000100000000)
  region size 1024K, 3 young (3072K), 3 survivors (3072K)
 Metaspace       used 13279K, committed 13568K, reserved 1114112K
  class space    used 1338K, committed 1472K, reserved 1048576K
}

